 
cpldfit:  version P.40xd                            Xilinx Inc.
                                  Fitter Report
Design Name: gz_16i8o                            Date:  1-10-2013, 12:10PM
Device Used: XC9572XL-5-PC44
Fitting Status: Successful

*************************  Mapped Resource Summary  **************************

Macrocells     Product Terms    Function Block   Registers      Pins           
Used/Tot       Used/Tot         Inps Used/Tot    Used/Tot       Used/Tot       
13 /72  ( 18%) 52  /360  ( 14%) 42 /216 ( 19%)   12 /72  ( 17%) 28 /34  ( 82%)

** Function Block Resources **

Function    Mcells      FB Inps     Pterms      IO          
Block       Used/Tot    Used/Tot    Used/Tot    Used/Tot    
FB1           2/18        7/54        6/90       8/ 9
FB2           4/18        5/54       11/90       6/ 9
FB3           4/18        7/54       12/90       8/ 9
FB4           3/18       23/54       23/90       6/ 7
             -----       -----       -----      -----    
             13/72       42/216      52/360     28/34 

* - Resource is exhausted

** Global Control Resources **

Global clock net(s) unused.
Global output enable net(s) unused.
Global set/reset net(s) unused.

** Pin Resources **

Signal Type    Required     Mapped  |  Pin Type            Used    Total 
------------------------------------|------------------------------------
Input         :   19          19    |  I/O              :    26      28
Output        :    9           9    |  GCK/IO           :     2       3
Bidirectional :    0           0    |  GTS/IO           :     0       2
GCK           :    0           0    |  GSR/IO           :     0       1
GTS           :    0           0    |
GSR           :    0           0    |
                 ----        ----
        Total     28          28

** Power Data **

There are 13 macrocells in high performance mode (MCHP).
There are 0 macrocells in low power mode (MCLP).
End of Mapped Resource Summary
**************************  Errors and Warnings  ***************************

WARNING:Cpld - Unable to retrieve the path to the iSE Project Repository. Will
   use the default filename of 'gz_16i8o.ise'.
*************************  Summary of Mapped Logic  ************************

** 9 Outputs **

Signal              Total Total Loc     Pin  Pin     Pin     Pwr  Slew Reg Init
Name                Pts   Inps          No.  Type    Use     Mode Rate State
outputs<6>          3     7     FB1_11  6~   GCK/I/O O       STD  FAST RESET
outputs<7>          3     7     FB1_14  7~   GCK/I/O O       STD  FAST RESET
outputs<0>          3     7     FB3_14  19   I/O     O       STD  FAST RESET
outputs<1>          3     7     FB3_15  20   I/O     O       STD  FAST RESET
outputs<2>          3     7     FB3_16  24   I/O     O       STD  FAST RESET
outputs<3>          3     7     FB3_17  22   I/O     O       STD  FAST RESET
outputs<4>          3     7     FB4_2   25   I/O     O       STD  FAST RESET
outputs<5>          3     7     FB4_5   26   I/O     O       STD  FAST RESET
miso                17    21    FB4_17  34   I/O     O       STD  FAST 

** 4 Buried Nodes **

Signal              Total Total Loc     Pwr  Reg Init
Name                Pts   Inps          Mode State
bit_cnt<0>          2     2     FB2_15  STD  SET
hi_byte             3     5     FB2_16  STD  RESET
bit_cnt<2>          3     4     FB2_17  STD  SET
bit_cnt<1>          3     3     FB2_18  STD  SET

** 19 Inputs **

Signal              Loc     Pin  Pin     Pin     
Name                        No.  Type    Use     
inputs<0>           FB1_2   1    I/O     I
inputs<1>           FB1_5   2    I/O     I
inputs<2>           FB1_6   3    I/O     I
inputs<3>           FB1_8   4    I/O     I
inputs<4>           FB1_15  8    I/O     I
inputs<5>           FB1_17  9    I/O     I
inputs<6>           FB2_2   35   I/O     I
inputs<7>           FB2_5   36   I/O     I
inputs<8>           FB2_6   37   I/O     I
inputs<9>           FB2_8   38   I/O     I
inputs<10>          FB2_15  43   I/O     I
inputs<11>          FB2_17  44   I/O     I
inputs<12>          FB3_2   11   I/O     I
inputs<13>          FB3_5   12   I/O     I
inputs<14>          FB3_8   13   I/O     I
inputs<15>          FB3_9   14   I/O     I
sclk                FB4_11  28   I/O     I
mosi                FB4_14  29   I/O     I
sel                 FB4_15  33   I/O     I

Legend:
Pin No. - ~ - User Assigned
**************************  Function Block Details  ************************
Legend:
Total Pt     - Total product terms used by the macrocell signal
Imp Pt       - Product terms imported from other macrocells
Exp Pt       - Product terms exported to other macrocells
               in direction shown
Unused Pt    - Unused local product terms remaining in macrocell
Loc          - Location where logic was mapped in device
Pin Type/Use - I  - Input             GCK - Global Clock
               O  - Output            GTS - Global Output Enable
              (b) - Buried macrocell  GSR - Global Set/Reset
X            - Signal used as input to the macrocell logic.
Pin No.      - ~  - User Assigned
*********************************** FB1  ***********************************
Number of function block inputs used/remaining:               7/47
Number of signals used by logic mapping into function block:  7
Signal              Total   Imp   Exp Unused  Loc     Pin   Pin     Pin
Name                Pt      Pt    Pt  Pt               #    Type    Use
(unused)              0       0     0   5     FB1_1         (b)     
(unused)              0       0     0   5     FB1_2   1     I/O     I
(unused)              0       0     0   5     FB1_3         (b)     
(unused)              0       0     0   5     FB1_4         (b)     
(unused)              0       0     0   5     FB1_5   2     I/O     I
(unused)              0       0     0   5     FB1_6   3     I/O     I
(unused)              0       0     0   5     FB1_7         (b)     
(unused)              0       0     0   5     FB1_8   4     I/O     I
(unused)              0       0     0   5     FB1_9   5     GCK/I/O 
(unused)              0       0     0   5     FB1_10        (b)     
outputs<6>            3       0     0   2     FB1_11  6~    GCK/I/O O
(unused)              0       0     0   5     FB1_12        (b)     
(unused)              0       0     0   5     FB1_13        (b)     
outputs<7>            3       0     0   2     FB1_14  7~    GCK/I/O O
(unused)              0       0     0   5     FB1_15  8     I/O     I
(unused)              0       0     0   5     FB1_16        (b)     
(unused)              0       0     0   5     FB1_17  9     I/O     I
(unused)              0       0     0   5     FB1_18        (b)     

Signals Used by Logic in Function Block
  1: bit_cnt<0>         4: hi_byte            6: sclk 
  2: bit_cnt<1>         5: mosi               7: sel 
  3: bit_cnt<2>       

Signal                        1         2         3         4 FB
Name                0----+----0----+----0----+----0----+----0 Inputs
outputs<6>           XXXXXXX................................. 7
outputs<7>           XXXXXXX................................. 7
                    0----+----1----+----2----+----3----+----4
                              0         0         0         0
*********************************** FB2  ***********************************
Number of function block inputs used/remaining:               5/49
Number of signals used by logic mapping into function block:  5
Signal              Total   Imp   Exp Unused  Loc     Pin   Pin     Pin
Name                Pt      Pt    Pt  Pt               #    Type    Use
(unused)              0       0     0   5     FB2_1         (b)     
(unused)              0       0     0   5     FB2_2   35    I/O     I
(unused)              0       0     0   5     FB2_3         (b)     
(unused)              0       0     0   5     FB2_4         (b)     
(unused)              0       0     0   5     FB2_5   36    I/O     I
(unused)              0       0     0   5     FB2_6   37    I/O     I
(unused)              0       0     0   5     FB2_7         (b)     
(unused)              0       0     0   5     FB2_8   38    I/O     I
(unused)              0       0     0   5     FB2_9   39    GSR/I/O 
(unused)              0       0     0   5     FB2_10        (b)     
(unused)              0       0     0   5     FB2_11  40    GTS/I/O 
(unused)              0       0     0   5     FB2_12        (b)     
(unused)              0       0     0   5     FB2_13        (b)     
(unused)              0       0     0   5     FB2_14  42    GTS/I/O 
bit_cnt<0>            2       0     0   3     FB2_15  43    I/O     I
hi_byte               3       0     0   2     FB2_16        (b)     (b)
bit_cnt<2>            3       0     0   2     FB2_17  44    I/O     I
bit_cnt<1>            3       0     0   2     FB2_18        (b)     (b)

Signals Used by Logic in Function Block
  1: bit_cnt<0>         3: bit_cnt<2>         5: sel 
  2: bit_cnt<1>         4: sclk             

Signal                        1         2         3         4 FB
Name                0----+----0----+----0----+----0----+----0 Inputs
bit_cnt<0>           ...XX................................... 2
hi_byte              XXXXX................................... 5
bit_cnt<2>           XX.XX................................... 4
bit_cnt<1>           X..XX................................... 3
                    0----+----1----+----2----+----3----+----4
                              0         0         0         0
*********************************** FB3  ***********************************
Number of function block inputs used/remaining:               7/47
Number of signals used by logic mapping into function block:  7
Signal              Total   Imp   Exp Unused  Loc     Pin   Pin     Pin
Name                Pt      Pt    Pt  Pt               #    Type    Use
(unused)              0       0     0   5     FB3_1         (b)     
(unused)              0       0     0   5     FB3_2   11    I/O     I
(unused)              0       0     0   5     FB3_3         (b)     
(unused)              0       0     0   5     FB3_4         (b)     
(unused)              0       0     0   5     FB3_5   12    I/O     I
(unused)              0       0     0   5     FB3_6         (b)     
(unused)              0       0     0   5     FB3_7         (b)     
(unused)              0       0     0   5     FB3_8   13    I/O     I
(unused)              0       0     0   5     FB3_9   14    I/O     I
(unused)              0       0     0   5     FB3_10        (b)     
(unused)              0       0     0   5     FB3_11  18    I/O     
(unused)              0       0     0   5     FB3_12        (b)     
(unused)              0       0     0   5     FB3_13        (b)     
outputs<0>            3       0     0   2     FB3_14  19    I/O     O
outputs<1>            3       0     0   2     FB3_15  20    I/O     O
outputs<2>            3       0     0   2     FB3_16  24    I/O     O
outputs<3>            3       0     0   2     FB3_17  22    I/O     O
(unused)              0       0     0   5     FB3_18        (b)     

Signals Used by Logic in Function Block
  1: bit_cnt<0>         4: hi_byte            6: sclk 
  2: bit_cnt<1>         5: mosi               7: sel 
  3: bit_cnt<2>       

Signal                        1         2         3         4 FB
Name                0----+----0----+----0----+----0----+----0 Inputs
outputs<0>           XXXXXXX................................. 7
outputs<1>           XXXXXXX................................. 7
outputs<2>           XXXXXXX................................. 7
outputs<3>           XXXXXXX................................. 7
                    0----+----1----+----2----+----3----+----4
                              0         0         0         0
*********************************** FB4  ***********************************
Number of function block inputs used/remaining:               23/31
Number of signals used by logic mapping into function block:  23
Signal              Total   Imp   Exp Unused  Loc     Pin   Pin     Pin
Name                Pt      Pt    Pt  Pt               #    Type    Use
(unused)              0       0     0   5     FB4_1         (b)     
outputs<4>            3       0     0   2     FB4_2   25    I/O     O
(unused)              0       0     0   5     FB4_3         (b)     
(unused)              0       0     0   5     FB4_4         (b)     
outputs<5>            3       0     0   2     FB4_5   26    I/O     O
(unused)              0       0     0   5     FB4_6         (b)     
(unused)              0       0     0   5     FB4_7         (b)     
(unused)              0       0     0   5     FB4_8   27    I/O     
(unused)              0       0     0   5     FB4_9         (b)     
(unused)              0       0     0   5     FB4_10        (b)     
(unused)              0       0     0   5     FB4_11  28    I/O     I
(unused)              0       0     0   5     FB4_12        (b)     
(unused)              0       0     0   5     FB4_13        (b)     
(unused)              0       0     0   5     FB4_14  29    I/O     I
(unused)              0       0   \/2   3     FB4_15  33    I/O     I
(unused)              0       0   \/5   0     FB4_16        (b)     (b)
miso                 17      12<-   0   0     FB4_17  34    I/O     O
(unused)              0       0   /\5   0     FB4_18        (b)     (b)

Signals Used by Logic in Function Block
  1: bit_cnt<0>         9: inputs<13>        17: inputs<6> 
  2: bit_cnt<1>        10: inputs<14>        18: inputs<7> 
  3: bit_cnt<2>        11: inputs<15>        19: inputs<8> 
  4: hi_byte           12: inputs<1>         20: inputs<9> 
  5: inputs<0>         13: inputs<2>         21: mosi 
  6: inputs<10>        14: inputs<3>         22: sclk 
  7: inputs<11>        15: inputs<4>         23: sel 
  8: inputs<12>        16: inputs<5>        

Signal                        1         2         3         4 FB
Name                0----+----0----+----0----+----0----+----0 Inputs
outputs<4>           XXXX................XXX................. 7
outputs<5>           XXXX................XXX................. 7
miso                 XXXXXXXXXXXXXXXXXXXX..X................. 21
                    0----+----1----+----2----+----3----+----4
                              0         0         0         0
*******************************  Equations  ********************************

********** Mapped Logic **********







FTCPE_bit_cnt0: FTCPE port map (bit_cnt(0),'1',NOT sclk,'0',sel);

FTCPE_bit_cnt1: FTCPE port map (bit_cnt(1),bit_cnt(0),NOT sclk,'0',sel);

FTCPE_bit_cnt2: FTCPE port map (bit_cnt(2),bit_cnt_T(2),NOT sclk,'0',sel);
bit_cnt_T(2) <= (NOT bit_cnt(1) AND NOT bit_cnt(0));

FTCPE_hi_byte: FTCPE port map (hi_byte,'1',NOT sclk,sel,'0',hi_byte_CE);
hi_byte_CE <= (NOT bit_cnt(2) AND NOT bit_cnt(1) AND NOT bit_cnt(0));


miso_I <= ((EXP6_.EXP)
	OR (hi_byte AND bit_cnt(2) AND bit_cnt(1) AND bit_cnt(0) AND 
	inputs(15))
	OR (hi_byte AND bit_cnt(2) AND bit_cnt(1) AND NOT bit_cnt(0) AND 
	inputs(14))
	OR (hi_byte AND NOT bit_cnt(2) AND bit_cnt(1) AND NOT bit_cnt(0) AND 
	inputs(10))
	OR (NOT hi_byte AND bit_cnt(2) AND bit_cnt(1) AND NOT bit_cnt(0) AND 
	inputs(6))
	OR (NOT hi_byte AND NOT bit_cnt(2) AND bit_cnt(1) AND NOT bit_cnt(0) AND 
	inputs(2))
	OR (hi_byte AND bit_cnt(2) AND NOT bit_cnt(1) AND bit_cnt(0) AND 
	inputs(13))
	OR (hi_byte AND NOT bit_cnt(2) AND bit_cnt(1) AND bit_cnt(0) AND 
	inputs(11))
	OR (NOT hi_byte AND bit_cnt(2) AND bit_cnt(1) AND bit_cnt(0) AND 
	inputs(7))
	OR (NOT hi_byte AND bit_cnt(2) AND NOT bit_cnt(1) AND bit_cnt(0) AND 
	inputs(5))
	OR (NOT hi_byte AND NOT bit_cnt(2) AND bit_cnt(1) AND bit_cnt(0) AND 
	inputs(3))
	OR (hi_byte AND bit_cnt(2) AND NOT bit_cnt(1) AND NOT bit_cnt(0) AND 
	inputs(12))
	OR (hi_byte AND NOT bit_cnt(2) AND NOT bit_cnt(1) AND NOT bit_cnt(0) AND 
	inputs(8))
	OR (NOT hi_byte AND bit_cnt(2) AND NOT bit_cnt(1) AND NOT bit_cnt(0) AND 
	inputs(4))
	OR (NOT hi_byte AND NOT bit_cnt(2) AND NOT bit_cnt(1) AND NOT bit_cnt(0) AND 
	inputs(0)));
miso <= miso_I when miso_OE = '1' else 'Z';
miso_OE <= NOT sel;

FDCPE_outputs0: FDCPE port map (outputs(0),mosi,sclk,'0','0',outputs_CE(0));
outputs_CE(0) <= (NOT sel AND NOT hi_byte AND NOT bit_cnt(2) AND NOT bit_cnt(1) AND 
	NOT bit_cnt(0));

FDCPE_outputs1: FDCPE port map (outputs(1),mosi,sclk,'0','0',outputs_CE(1));
outputs_CE(1) <= (NOT sel AND NOT hi_byte AND NOT bit_cnt(2) AND NOT bit_cnt(1) AND 
	bit_cnt(0));

FDCPE_outputs2: FDCPE port map (outputs(2),mosi,sclk,'0','0',outputs_CE(2));
outputs_CE(2) <= (NOT sel AND NOT hi_byte AND NOT bit_cnt(2) AND bit_cnt(1) AND 
	NOT bit_cnt(0));

FDCPE_outputs3: FDCPE port map (outputs(3),mosi,sclk,'0','0',outputs_CE(3));
outputs_CE(3) <= (NOT sel AND NOT hi_byte AND NOT bit_cnt(2) AND bit_cnt(1) AND 
	bit_cnt(0));

FDCPE_outputs4: FDCPE port map (outputs(4),mosi,sclk,'0','0',outputs_CE(4));
outputs_CE(4) <= (NOT sel AND NOT hi_byte AND bit_cnt(2) AND NOT bit_cnt(1) AND 
	NOT bit_cnt(0));

FDCPE_outputs5: FDCPE port map (outputs(5),mosi,sclk,'0','0',outputs_CE(5));
outputs_CE(5) <= (NOT sel AND NOT hi_byte AND bit_cnt(2) AND NOT bit_cnt(1) AND 
	bit_cnt(0));

FDCPE_outputs6: FDCPE port map (outputs(6),mosi,sclk,'0','0',outputs_CE(6));
outputs_CE(6) <= (NOT sel AND NOT hi_byte AND bit_cnt(2) AND bit_cnt(1) AND 
	NOT bit_cnt(0));

FDCPE_outputs7: FDCPE port map (outputs(7),mosi,sclk,'0','0',outputs_CE(7));
outputs_CE(7) <= (NOT sel AND NOT hi_byte AND bit_cnt(2) AND bit_cnt(1) AND 
	bit_cnt(0));

Register Legend:
 FDCPE (Q,D,C,CLR,PRE,CE); 
 FTCPE (Q,D,C,CLR,PRE,CE); 
 LDCP  (Q,D,G,CLR,PRE); 

******************************  Device Pin Out *****************************

Device : XC9572XL-5-PC44


   --------------------------------  
  /6  5  4  3  2  1  44 43 42 41 40 \
 | 7                             39 | 
 | 8                             38 | 
 | 9                             37 | 
 | 10                            36 | 
 | 11        XC9572XL-5-PC44     35 | 
 | 12                            34 | 
 | 13                            33 | 
 | 14                            32 | 
 | 15                            31 | 
 | 16                            30 | 
 | 17                            29 | 
 \ 18 19 20 21 22 23 24 25 26 27 28 /
   --------------------------------  


Pin Signal                         Pin Signal                        
No. Name                           No. Name                          
  1 inputs<0>                        23 GND                           
  2 inputs<1>                        24 outputs<2>                    
  3 inputs<2>                        25 outputs<4>                    
  4 inputs<3>                        26 outputs<5>                    
  5 KPR                              27 KPR                           
  6 outputs<6>                       28 sclk                          
  7 outputs<7>                       29 mosi                          
  8 inputs<4>                        30 TDO                           
  9 inputs<5>                        31 GND                           
 10 GND                              32 VCC                           
 11 inputs<12>                       33 sel                           
 12 inputs<13>                       34 miso                          
 13 inputs<14>                       35 inputs<6>                     
 14 inputs<15>                       36 inputs<7>                     
 15 TDI                              37 inputs<8>                     
 16 TMS                              38 inputs<9>                     
 17 TCK                              39 KPR                           
 18 KPR                              40 KPR                           
 19 outputs<0>                       41 VCC                           
 20 outputs<1>                       42 KPR                           
 21 VCC                              43 inputs<10>                    
 22 outputs<3>                       44 inputs<11>                    


Legend :  NC  = Not Connected, unbonded pin
         PGND = Unused I/O configured as additional Ground pin
         TIE  = Unused I/O floating -- must tie to VCC, GND or other signal
         KPR  = Unused I/O with weak keeper (leave unconnected)
         VCC  = Dedicated Power Pin
         GND  = Dedicated Ground Pin
         TDI  = Test Data In, JTAG pin
         TDO  = Test Data Out, JTAG pin
         TCK  = Test Clock, JTAG pin
         TMS  = Test Mode Select, JTAG pin
  PROHIBITED  = User reserved pin
****************************  Compiler Options  ****************************

Following is a list of all global compiler options used by the fitter run.

Device(s) Specified                         : xc9572xl-5-PC44
Optimization Method                         : SPEED
Multi-Level Logic Optimization              : ON
Ignore Timing Specifications                : OFF
Default Register Power Up Value             : LOW
Keep User Location Constraints              : ON
What-You-See-Is-What-You-Get                : OFF
Exhaustive Fitting                          : OFF
Keep Unused Inputs                          : OFF
Slew Rate                                   : FAST
Power Mode                                  : STD
Ground on Unused IOs                        : OFF
Set I/O Pin Termination                     : KEEPER
Global Clock Optimization                   : OFF
Global Set/Reset Optimization               : OFF
Global Ouput Enable Optimization            : OFF
Input Limit                                 : 54
Pterm Limit                                 : 25
